<?xml version="1.0" encoding="UTF-8"?>
<!-- Generated by org.testng.reporters.JUnitReportReporter -->
<testsuite hostname="DESKTOP-LOD748U" failures="0" tests="5" name="TestNG.NewTest3" time="0.010" errors="0" timestamp="2023-12-25T15:52:54 IST" skipped="0">
  <testcase classname="TestNG.NewTest3" name="home" time="0.007"/>
  <system-out/>
  <testcase classname="TestNG.NewTest3" name="loginPage" time="0.001"/>
  <system-out/>
  <testcase classname="TestNG.NewTest3" name="loginFunctionality" time="0.001"/>
  <system-out/>
  <testcase classname="TestNG.NewTest3" name="xyz" time="0.000"/>
  <system-out/>
  <testcase classname="TestNG.NewTest3" name="abc" time="0.001"/>
  <system-out/>
</testsuite> <!-- TestNG.NewTest3 -->
