<?xml version="1.0" encoding="UTF-8"?>
<!-- Generated by org.testng.reporters.JUnitReportReporter -->
<testsuite hostname="DESKTOP-LOD748U" failures="0" tests="3" name="TestNG.NewTest5" time="0.015" errors="0" timestamp="2023-12-26T11:26:29 IST" skipped="0">
  <testcase classname="TestNG.NewTest5" name="testCases3" time="0.002"/>
  <system-out/>
  <testcase classname="TestNG.NewTest5" name="testCases2" time="0.003"/>
  <system-out/>
  <testcase classname="TestNG.NewTest5" name="testCases1" time="0.010"/>
  <system-out/>
</testsuite> <!-- TestNG.NewTest5 -->
