<?xml version="1.0" encoding="UTF-8"?>
<!-- Generated by org.testng.reporters.JUnitReportReporter -->
<testsuite hostname="DESKTOP-LOD748U" failures="0" tests="4" name="TestNG.NewTest1" time="0.010" errors="0" timestamp="2023-12-26T12:23:17 IST" skipped="0">
  <testcase classname="TestNG.NewTest1" name="xyz" time="0.000"/>
  <system-out/>
  <testcase classname="TestNG.NewTest1" name="lmn" time="0.001"/>
  <system-out/>
  <testcase classname="TestNG.NewTest1" name="abc" time="0.007"/>
  <system-out/>
  <testcase classname="TestNG.NewTest1" name="pqr" time="0.002"/>
  <system-out/>
</testsuite> <!-- TestNG.NewTest1 -->
