<?xml version="1.0" encoding="UTF-8"?>
<!-- Generated by org.testng.reporters.JUnitReportReporter -->
<testsuite hostname="DESKTOP-LOD748U" failures="0" tests="2" name="ParallelTesting.Demo1" time="29.894" errors="0" timestamp="2023-12-27T13:29:39 IST" skipped="0">
  <testcase classname="ParallelTesting.Demo1" name="edgetestcases" time="12.238"/>
  <testcase classname="ParallelTesting.Demo1" name="chrometestcases" time="17.656"/>
</testsuite> <!-- ParallelTesting.Demo1 -->
