<?xml version="1.0" encoding="UTF-8"?>
<!-- Generated by org.testng.reporters.JUnitReportReporter -->
<testsuite hostname="DESKTOP-LOD748U" failures="0" tests="1" name="TestNG.Demo2" time="0.004" errors="0" timestamp="2023-12-27T12:01:23 IST" skipped="0">
  <testcase classname="TestNG.Demo2" name="abc" time="0.004"/>
</testsuite> <!-- TestNG.Demo2 -->
