<?xml version="1.0" encoding="UTF-8"?>
<!-- Generated by org.testng.reporters.JUnitReportReporter -->
<testsuite hostname="DESKTOP-LOD748U" failures="0" tests="5" name="ParallelTesting.RunClassesParallely1" time="8.493" errors="0" timestamp="2023-12-27T13:37:08 IST" skipped="0">
  <testcase classname="ParallelTesting.RunClassesParallely1" name="loginFunctionality" time="3.264"/>
  <testcase classname="ParallelTesting.RunClassesParallely1" name="validateHomePageTitle" time="1.141"/>
  <testcase classname="ParallelTesting.RunClassesParallely1" name="validateHomePageUrl" time="0.005"/>
  <testcase classname="ParallelTesting.RunClassesParallely1" name="validateUserOnPIMPage" time="1.464"/>
  <testcase classname="ParallelTesting.RunClassesParallely1" name="createNewUser" time="2.619"/>
</testsuite> <!-- ParallelTesting.RunClassesParallely1 -->
