<?xml version="1.0" encoding="UTF-8"?>
<!-- Generated by org.testng.reporters.JUnitReportReporter -->
<testsuite hostname="DESKTOP-LOD748U" failures="0" tests="12" name="Package1.InvocationCount" time="0.024" errors="0" timestamp="2023-12-27T02:48:07 IST" skipped="0">
  <testcase classname="Package1.InvocationCount" name="abc" time="0.002"/>
  <testcase classname="Package1.InvocationCount" name="abc" time="0.002"/>
  <testcase classname="Package1.InvocationCount" name="abc" time="0.000"/>
  <testcase classname="Package1.InvocationCount" name="abc" time="0.001"/>
  <testcase classname="Package1.InvocationCount" name="xyz" time="0.001"/>
  <testcase classname="Package1.InvocationCount" name="abc" time="0.001"/>
  <testcase classname="Package1.InvocationCount" name="pqr" time="0.003"/>
  <testcase classname="Package1.InvocationCount" name="abc" time="0.001"/>
  <testcase classname="Package1.InvocationCount" name="abc" time="0.002"/>
  <testcase classname="Package1.InvocationCount" name="abc" time="0.009"/>
  <testcase classname="Package1.InvocationCount" name="abc" time="0.001"/>
  <testcase classname="Package1.InvocationCount" name="abc" time="0.001"/>
</testsuite> <!-- Package1.InvocationCount -->
