<?xml version="1.0" encoding="UTF-8"?>
<!-- Generated by org.testng.reporters.JUnitReportReporter -->
<testsuite hostname="DESKTOP-LOD748U" failures="0" tests="3" name="TestNG.NewTest2" time="0.009" errors="0" timestamp="2023-12-25T15:43:07 IST" skipped="0">
  <testcase classname="TestNG.NewTest2" name="pim" time="0.001"/>
  <system-out/>
  <testcase classname="TestNG.NewTest2" name="home" time="0.007"/>
  <system-out/>
  <testcase classname="TestNG.NewTest2" name="login" time="0.001"/>
  <system-out/>
</testsuite> <!-- TestNG.NewTest2 -->
