<?xml version="1.0" encoding="UTF-8"?>
<!-- Generated by org.testng.reporters.JUnitReportReporter -->
<testsuite hostname="DESKTOP-LOD748U" failures="0" tests="1" name="TestNG.NewTest6" time="0.012" errors="0" timestamp="2023-12-27T00:40:03 IST" skipped="0">
  <testcase classname="TestNG.NewTest6" name="d1" time="0.012"/>
  <system-out/>
</testsuite> <!-- TestNG.NewTest6 -->
