<?xml version="1.0" encoding="UTF-8"?>
<!-- Generated by org.testng.reporters.JUnitReportReporter -->
<testsuite hostname="DESKTOP-LOD748U" failures="0" tests="10" name="ParallelTesting.RunEndToEndRegressionSuitParallely" time="12.954" errors="0" timestamp="2023-12-27T13:51:08 IST" skipped="0">
  <testcase classname="ParallelTesting.RunEndToEndRegressionSuitParallely" name="loginFunctionality" time="0.772"/>
  <testcase classname="ParallelTesting.RunEndToEndRegressionSuitParallely" name="loginFunctionality" time="0.637"/>
  <testcase classname="ParallelTesting.RunEndToEndRegressionSuitParallely" name="validateHomePageTitle" time="1.184"/>
  <testcase classname="ParallelTesting.RunEndToEndRegressionSuitParallely" name="validateHomePageTitle" time="1.151"/>
  <testcase classname="ParallelTesting.RunEndToEndRegressionSuitParallely" name="validateHomePageUrl" time="0.013"/>
  <testcase classname="ParallelTesting.RunEndToEndRegressionSuitParallely" name="validateHomePageUrl" time="0.018"/>
  <testcase classname="ParallelTesting.RunEndToEndRegressionSuitParallely" name="validateUserOnPIMPage" time="1.471"/>
  <testcase classname="ParallelTesting.RunEndToEndRegressionSuitParallely" name="validateUserOnPIMPage" time="1.669"/>
  <testcase classname="ParallelTesting.RunEndToEndRegressionSuitParallely" name="createNewUser" time="2.802"/>
  <testcase classname="ParallelTesting.RunEndToEndRegressionSuitParallely" name="createNewUser" time="3.237"/>
</testsuite> <!-- ParallelTesting.RunEndToEndRegressionSuitParallely -->
